<?xml version="1.0" encoding="UTF-8"?>
<!-- Generated by org.testng.reporters.JUnitReportReporter -->
<testsuite hostname="PTPL-LAP-158" failures="0" tests="1" name="BaseClass.WikiTextExtractTest" time="20.572" errors="0" timestamp="2022-11-24T17:18:10 IST" skipped="0">
  <testcase classname="BaseClass.WikiTextExtractTest" name="extractTextFromWiki" time="20.572"/>
  <system-out/>
</testsuite> <!-- BaseClass.WikiTextExtractTest -->
