<?xml version="1.0" encoding="UTF-8"?>
<!-- Generated by org.testng.reporters.JUnitReportReporter -->
<testsuite hostname="PTPL-LAP-158" failures="0" tests="1" name="BaseClass.ImdbExtractText" time="43.180" errors="0" timestamp="2022-11-24T18:45:31 IST" skipped="0">
  <testcase classname="BaseClass.ImdbExtractText" name="extractTextFromIMDB" time="43.180"/>
  <system-out/>
</testsuite> <!-- BaseClass.ImdbExtractText -->
