<?xml version="1.0" encoding="UTF-8"?>
<!-- Generated by org.testng.reporters.JUnitReportReporter -->
<testsuite hostname="PTPL-LAP-158" failures="0" tests="1" name="BaseClass.IMDBTextExtract" time="31.936" errors="0" timestamp="2022-11-24T14:05:44 IST" skipped="0">
  <testcase classname="BaseClass.IMDBTextExtract" name="extractTextTest" time="31.936"/>
  <system-out/>
</testsuite> <!-- BaseClass.IMDBTextExtract -->
