<?xml version="1.0" encoding="UTF-8"?>
<!-- Generated by org.testng.reporters.JUnitReportReporter -->
<testsuite hostname="Suraj-LAPTOP" failures="0" tests="1" name="CodingTest.com.codingTest.googlePageTest" time="3.208" errors="0" timestamp="2023-07-12T06:07:39 IST" skipped="0">
  <testcase classname="CodingTest.com.codingTest.googlePageTest" name="testGooglrpage" time="3.208"/>
  <system-out/>
</testsuite> <!-- CodingTest.com.codingTest.googlePageTest -->
